TN:
SF:/Users/mayank.kushwah/Documents/git_repo/react-app-template/src/App.js
FN:7,App
FNF:1
FNH:1
FNDA:1,App
DA:8,1
LF:1
LH:1
BRF:0
BRH:0
end_of_record
TN:
SF:/Users/mayank.kushwah/Documents/git_repo/react-app-template/src/index.js
FNF:0
FNH:0
DA:1,0
DA:2,0
DA:3,0
DA:4,0
DA:5,0
DA:7,0
DA:8,0
DA:17,0
LF:8
LH:0
BRF:0
BRH:0
end_of_record
TN:
SF:/Users/mayank.kushwah/Documents/git_repo/react-app-template/src/reportWebVitals.js
FN:1,(anonymous_3)
FN:3,(anonymous_4)
FN:3,(anonymous_5)
FNF:3
FNH:0
FNDA:0,(anonymous_3)
FNDA:0,(anonymous_4)
FNDA:0,(anonymous_5)
DA:1,0
DA:2,0
DA:3,0
DA:6,0
DA:7,0
DA:8,0
DA:9,0
DA:10,0
DA:15,0
LF:9
LH:0
BRDA:2,0,0,0
BRDA:2,0,1,0
BRDA:2,1,0,0
BRDA:2,1,1,0
BRF:4
BRH:0
end_of_record
TN:
SF:/Users/mayank.kushwah/Documents/git_repo/react-app-template/src/setupTests.js
FNF:0
FNH:0
LF:0
LH:0
BRF:0
BRH:0
end_of_record
TN:
SF:/Users/mayank.kushwah/Documents/git_repo/react-app-template/src/appRoutes/AppRoutes.js
FN:9,(anonymous_0)
FNF:1
FNH:1
FNDA:1,(anonymous_0)
DA:9,1
DA:10,1
LF:2
LH:2
BRF:0
BRH:0
end_of_record
TN:
SF:/Users/mayank.kushwah/Documents/git_repo/react-app-template/src/component/about/About.js
FN:3,About
FNF:1
FNH:0
FNDA:0,About
DA:4,0
LF:1
LH:0
BRF:0
BRH:0
end_of_record
TN:
SF:/Users/mayank.kushwah/Documents/git_repo/react-app-template/src/component/contact/Contact.js
FN:3,Contact
FNF:1
FNH:0
FNDA:0,Contact
DA:4,0
LF:1
LH:0
BRF:0
BRH:0
end_of_record
TN:
SF:/Users/mayank.kushwah/Documents/git_repo/react-app-template/src/component/faq/Faq.js
FN:3,Faq
FNF:1
FNH:0
FNDA:0,Faq
DA:4,0
LF:1
LH:0
BRF:0
BRH:0
end_of_record
TN:
SF:/Users/mayank.kushwah/Documents/git_repo/react-app-template/src/component/home/Home.js
FN:3,Home
FNF:1
FNH:1
FNDA:1,Home
DA:4,1
LF:1
LH:1
BRF:0
BRH:0
end_of_record
TN:
SF:/Users/mayank.kushwah/Documents/git_repo/react-app-template/src/component/pagenotfound/PageNotFound.js
FN:3,PageNotFound
FNF:1
FNH:0
FNDA:0,PageNotFound
DA:4,0
LF:1
LH:0
BRF:0
BRH:0
end_of_record
